2022/03/26 03:21:30 [warn] 1#1: conflicting server name "localhost" on 0.0.0.0:80, ignored
2022/03/26 03:21:30 [notice] 1#1: using the "epoll" event method
2022/03/26 03:21:30 [notice] 1#1: nginx/1.20.2
2022/03/26 03:21:30 [notice] 1#1: built by gcc 10.2.1 20210110 (Debian 10.2.1-6) 
2022/03/26 03:21:30 [notice] 1#1: OS: Linux 5.10.76-linuxkit
2022/03/26 03:21:30 [notice] 1#1: getrlimit(RLIMIT_NOFILE): 1048576:1048576
2022/03/26 03:21:30 [notice] 1#1: start worker processes
2022/03/26 03:21:30 [notice] 1#1: start worker process 32
2022/03/26 03:21:30 [notice] 1#1: start worker process 33
2022/03/27 11:54:07 [warn] 1#1: conflicting server name "localhost" on 0.0.0.0:80, ignored
2022/03/27 11:54:07 [notice] 1#1: using the "epoll" event method
2022/03/27 11:54:07 [notice] 1#1: nginx/1.20.2
2022/03/27 11:54:07 [notice] 1#1: built by gcc 10.2.1 20210110 (Debian 10.2.1-6) 
2022/03/27 11:54:07 [notice] 1#1: OS: Linux 5.10.76-linuxkit
2022/03/27 11:54:07 [notice] 1#1: getrlimit(RLIMIT_NOFILE): 1048576:1048576
2022/03/27 11:54:07 [notice] 1#1: start worker processes
2022/03/27 11:54:07 [notice] 1#1: start worker process 24
2022/03/27 11:54:07 [notice] 1#1: start worker process 25
2022/03/27 13:25:57 [warn] 1#1: conflicting server name "localhost" on 0.0.0.0:80, ignored
2022/03/27 13:25:57 [notice] 1#1: using the "epoll" event method
2022/03/27 13:25:57 [notice] 1#1: nginx/1.20.2
2022/03/27 13:25:57 [notice] 1#1: built by gcc 10.2.1 20210110 (Debian 10.2.1-6) 
2022/03/27 13:25:57 [notice] 1#1: OS: Linux 5.10.76-linuxkit
2022/03/27 13:25:57 [notice] 1#1: getrlimit(RLIMIT_NOFILE): 1048576:1048576
2022/03/27 13:25:57 [notice] 1#1: start worker processes
2022/03/27 13:25:57 [notice] 1#1: start worker process 23
2022/03/27 13:25:57 [notice] 1#1: start worker process 24
2022/03/30 03:38:54 [warn] 1#1: conflicting server name "localhost" on 0.0.0.0:80, ignored
2022/03/30 03:38:54 [notice] 1#1: using the "epoll" event method
2022/03/30 03:38:54 [notice] 1#1: nginx/1.20.2
2022/03/30 03:38:54 [notice] 1#1: built by gcc 10.2.1 20210110 (Debian 10.2.1-6) 
2022/03/30 03:38:54 [notice] 1#1: OS: Linux 5.10.76-linuxkit
2022/03/30 03:38:54 [notice] 1#1: getrlimit(RLIMIT_NOFILE): 1048576:1048576
2022/03/30 03:38:54 [notice] 1#1: start worker processes
2022/03/30 03:38:54 [notice] 1#1: start worker process 24
2022/03/30 03:38:54 [notice] 1#1: start worker process 25
2022/04/01 01:49:34 [warn] 1#1: conflicting server name "localhost" on 0.0.0.0:80, ignored
2022/04/01 01:49:34 [notice] 1#1: using the "epoll" event method
2022/04/01 01:49:34 [notice] 1#1: nginx/1.20.2
2022/04/01 01:49:34 [notice] 1#1: built by gcc 10.2.1 20210110 (Debian 10.2.1-6) 
2022/04/01 01:49:34 [notice] 1#1: OS: Linux 5.10.76-linuxkit
2022/04/01 01:49:34 [notice] 1#1: getrlimit(RLIMIT_NOFILE): 1048576:1048576
2022/04/01 01:49:34 [notice] 1#1: start worker processes
2022/04/01 01:49:34 [notice] 1#1: start worker process 24
2022/04/01 01:49:34 [notice] 1#1: start worker process 25
2022/04/02 00:52:27 [warn] 1#1: conflicting server name "localhost" on 0.0.0.0:80, ignored
2022/04/02 00:52:27 [notice] 1#1: using the "epoll" event method
2022/04/02 00:52:27 [notice] 1#1: nginx/1.20.2
2022/04/02 00:52:27 [notice] 1#1: built by gcc 10.2.1 20210110 (Debian 10.2.1-6) 
2022/04/02 00:52:27 [notice] 1#1: OS: Linux 5.10.76-linuxkit
2022/04/02 00:52:27 [notice] 1#1: getrlimit(RLIMIT_NOFILE): 1048576:1048576
2022/04/02 00:52:27 [notice] 1#1: start worker processes
2022/04/02 00:52:27 [notice] 1#1: start worker process 23
2022/04/02 00:52:27 [notice] 1#1: start worker process 24
2022/04/05 08:52:15 [notice] 23#23: signal 15 (SIGTERM) received, exiting
2022/04/05 08:53:45 [warn] 1#1: conflicting server name "localhost" on 0.0.0.0:80, ignored
2022/04/05 08:53:45 [notice] 1#1: using the "epoll" event method
2022/04/05 08:53:45 [notice] 1#1: nginx/1.20.2
2022/04/05 08:53:45 [notice] 1#1: built by gcc 10.2.1 20210110 (Debian 10.2.1-6) 
2022/04/05 08:53:45 [notice] 1#1: OS: Linux 5.10.76-linuxkit
2022/04/05 08:53:45 [notice] 1#1: getrlimit(RLIMIT_NOFILE): 1048576:1048576
2022/04/05 08:53:45 [notice] 1#1: start worker processes
2022/04/05 08:53:45 [notice] 1#1: start worker process 24
2022/04/05 08:53:45 [notice] 1#1: start worker process 25
